\BOOKMARK [0][-]{chapter*.6}{List\040of\040Figures}{}% 1
\BOOKMARK [0][-]{chapter.1}{Introduction}{}% 2
\BOOKMARK [1][-]{section.1.1}{Motivation}{chapter.1}% 3
\BOOKMARK [1][-]{section.1.2}{The\040Project}{chapter.1}% 4
\BOOKMARK [0][-]{chapter.2}{Literature\040Review}{}% 5
\BOOKMARK [0][-]{chapter.3}{Preliminaries}{}% 6
\BOOKMARK [1][-]{section.3.1}{Sparse\040Matrix\040Data\040Structures}{chapter.3}% 7
\BOOKMARK [1][-]{section.3.2}{Sparse\040LU\040Decomposition}{chapter.3}% 8
\BOOKMARK [2][-]{subsection.3.2.1}{AMD\040Ordering}{section.3.2}% 9
\BOOKMARK [1][-]{section.3.3}{\040Gilbert-Peierls'\040Algorithm}{chapter.3}% 10
\BOOKMARK [1][-]{section.3.4}{Symbolic\040Analysis}{chapter.3}% 11
\BOOKMARK [0][-]{chapter.4}{Parallelizing\040Sparse\040LU\040Decomposition}{}% 12
\BOOKMARK [1][-]{section.4.1}{Level\040of\040Granularity}{chapter.4}% 13
\BOOKMARK [1][-]{section.4.2}{The\040Hardware\040Architecture}{chapter.4}% 14
\BOOKMARK [1][-]{section.4.3}{Pivoting}{chapter.4}% 15
\BOOKMARK [0][-]{chapter.5}{Hardware\040Design}{}% 16
\BOOKMARK [1][-]{section.5.1}{Top\040Level\040Design}{chapter.5}% 17
\BOOKMARK [1][-]{section.5.2}{Hardware\040Pivoting}{chapter.5}% 18
\BOOKMARK [1][-]{section.5.3}{Bloack\040RAM\040Units}{chapter.5}% 19
\BOOKMARK [1][-]{section.5.4}{Processing\040Elements}{chapter.5}% 20
\BOOKMARK [2][-]{subsection.5.4.1}{Multiply\040and\040Accumulate\040Unit}{section.5.4}% 21
\BOOKMARK [2][-]{subsection.5.4.2}{Divider\040Unit}{section.5.4}% 22
\BOOKMARK [1][-]{section.5.5}{Connection\040Box}{chapter.5}% 23
\BOOKMARK [0][-]{chapter.6}{Scheduler\040Tool}{}% 24
\BOOKMARK [1][-]{section.6.1}{Input\040Processing}{chapter.6}% 25
\BOOKMARK [1][-]{section.6.2}{Symbolic\040Analysis}{chapter.6}% 26
\BOOKMARK [1][-]{section.6.3}{Generating\040Computational\040Flow\040Graph}{chapter.6}% 27
\BOOKMARK [1][-]{section.6.4}{Memory\040Address\040Assignment}{chapter.6}% 28
\BOOKMARK [1][-]{section.6.5}{Scheduling}{chapter.6}% 29
\BOOKMARK [2][-]{subsection.6.5.1}{Finding\040Schedulable\040nodes}{section.6.5}% 30
\BOOKMARK [2][-]{subsection.6.5.2}{Scheduling\040Table}{section.6.5}% 31
\BOOKMARK [2][-]{subsection.6.5.3}{An\040Example\040of\040Scheduling\040Process}{section.6.5}% 32
\BOOKMARK [0][-]{chapter.7}{Future\040Work}{}% 33
\BOOKMARK [0][-]{chapter*.30}{Bibliography}{}% 34
