This is XeTeX, Version 3.14159265-2.6-0.99998 (TeX Live 2017/Debian) (preloaded format=xelatex 2021.8.31)  24 SEP 2021 12:04
entering extended mode
 restricted \write18 enabled.
 %&-line parsing enabled.
**SYM1.tex
(./SYM1.tex
LaTeX2e <2017-04-15>
Babel <3.18> and hyphenation patterns for 7 language(s) loaded.

! LaTeX Error: Missing \begin{document}.

See the LaTeX manual or LaTeX Companion for explanation.
Type  H <return>  for immediate help.
 ...                                              
                                                  
l.2 \textbf{Column 1: -}
                        
? 
! Interruption.
\GenericError  ...                                
                                                  \endgroup 
l.2 \textbf{Column 1: -}
                        
? 

Overfull \hbox (59.61pt too wide) in paragraph at lines 2--3
[]\TU/lmr/bx/n/10 Column
 []


Overfull \hbox (8.94pt too wide) in paragraph at lines 2--3
\TU/lmr/bx/n/10 1:
 []


Overfull \hbox (3.83pt too wide) in paragraph at lines 2--3
\TU/lmr/bx/n/10 -
 []


! LaTeX Error: Environment quote undefined.

See the LaTeX manual or LaTeX Companion for explanation.
Type  H <return>  for immediate help.
 ...                                              
                                                  
l.4 \begin{quote}
                 
? 

! LaTeX Error: Missing \begin{document}.

See the LaTeX manual or LaTeX Companion for explanation.
Type  H <return>  for immediate help.
 ...                                              
                                                  
l.5 I
     t is the only column that is guaranteed to have no other additional
? ^^X
Type <return> to proceed, S to scroll future error messages,
R to run without stopping, Q to run quietly,
I to insert something, E to edit your file,
1 or ... or 9 to ignore the next 1 to 9 tokens of input,
H for help, X to quit.
? x
 
Here is how much of TeX's memory you used:
 10 strings out of 494956
 254 string characters out of 6177213
 54472 words of memory out of 5000000
 3957 multiletter control sequences out of 15000+600000
 3648 words of font info for 15 fonts, out of 8000000 for 9000
 14 hyphenation exceptions out of 8191
 13i,1n,8p,81b,71s stack positions out of 5000i,500n,10000p,200000b,80000s
No pages of output.
